#
# There is insufficient memory for the Java Runtime Environment to continue.
# Native memory allocation (mmap) failed to map 123731968 bytes for G1 virtual space
# Possible reasons:
#   The system is out of physical RAM or swap space
#   The process is running with CompressedOops enabled, and the Java Heap may be blocking the growth of the native heap
# Possible solutions:
#   Reduce memory load on the system
#   Increase physical memory or swap space
#   Check if swap backing store is full
#   Decrease Java heap size (-Xmx/-Xms)
#   Decrease number of Java threads
#   Decrease Java thread stack sizes (-Xss)
#   Set larger code cache with -XX:ReservedCodeCacheSize=
#   JVM is running with Unscaled Compressed Oops mode in which the Java heap is
#     placed in the first 4GB address space. The Java Heap base address is the
#     maximum limit for the native heap growth. Please use -XX:HeapBaseMinAddress
#     to set the Java Heap base and to place the Java Heap above 4GB virtual address.
# This output file may be truncated or incomplete.
#
#  Out of Memory Error (os_windows.cpp:3548), pid=46320, tid=46508
#
# JRE version:  (17.0.10+11) (build )
# Java VM: Java HotSpot(TM) 64-Bit Server VM (17.0.10+11-LTS-240, mixed mode, sharing, tiered, compressed oops, compressed class ptrs, g1 gc, windows-amd64)
# No core dump will be written. Minidumps are not enabled by default on client versions of Windows
#

---------------  S U M M A R Y ------------

Command Line: -XX:+ShowCodeDetailsInExceptionMessages App

Host: AMD Ryzen 5 4500U with Radeon Graphics         , 6 cores, 7G,  Windows 11 , 64 bit Build 22621 (10.0.22621.3235)
Time: Mon Apr  1 00:16:55 2024 Malay Peninsula Standard Time elapsed time: 0.011571 seconds (0d 0h 0m 0s)

---------------  T H R E A D  ---------------

Current thread (0x000001c0285f0ac0):  JavaThread "Unknown thread" [_thread_in_vm, id=46508, stack(0x00000054e7100000,0x00000054e7200000)]

Stack: [0x00000054e7100000,0x00000054e7200000]
Native frames: (J=compiled Java code, j=interpreted, Vv=VM code, C=native code)
V  [jvm.dll+0x677a5a]
V  [jvm.dll+0x7d8b2d]
V  [jvm.dll+0x7da48e]
V  [jvm.dll+0x7daaf3]
V  [jvm.dll+0x2455ff]
V  [jvm.dll+0x6749b9]
V  [jvm.dll+0x669382]
V  [jvm.dll+0x302e96]
V  [jvm.dll+0x30a416]
V  [jvm.dll+0x359cbe]
V  [jvm.dll+0x359eef]
V  [jvm.dll+0x2d9e88]
V  [jvm.dll+0x2dadf4]
V  [jvm.dll+0x7aa551]
V  [jvm.dll+0x367911]
V  [jvm.dll+0x789639]
V  [jvm.dll+0x3eb30f]
V  [jvm.dll+0x3ecd91]
C  [jli.dll+0x5297]
C  [ucrtbase.dll+0x29363]
C  [KERNEL32.DLL+0x1257d]
C  [ntdll.dll+0x5aa58]


---------------  P R O C E S S  ---------------

Threads class SMR info:
_java_thread_list=0x00007ffa3c116a18, length=0, elements={
}

Java Threads: ( => current thread )

Other Threads:
  0x000001c028646c30 GCTaskThread "GC Thread#0" [stack: 0x00000054e7200000,0x00000054e7300000] [id=46984]
  0x000001c028657790 ConcurrentGCThread "G1 Main Marker" [stack: 0x00000054e7300000,0x00000054e7400000] [id=46364]
  0x000001c0286591b0 ConcurrentGCThread "G1 Conc#0" [stack: 0x00000054e7400000,0x00000054e7500000] [id=46284]

[error occurred during error reporting (printing all threads), id 0xc0000005, EXCEPTION_ACCESS_VIOLATION (0xc0000005) at pc=0x00007ffa3b94aae7]

VM state: not at safepoint (not fully initialized)

VM Mutex/Monitor currently owned by a thread:  ([mutex/lock_event])
[0x000001c0285eabe0] Heap_lock - owner thread: 0x000001c0285f0ac0

Heap address: 0x000000008a000000, size: 1888 MB, Compressed Oops mode: 32-bit

CDS archive(s) mapped at: [0x0000000000000000-0x0000000000000000-0x0000000000000000), size 0, SharedBaseAddress: 0x0000000800000000, ArchiveRelocationMode: 1.
Narrow klass base: 0x0000000000000000, Narrow klass shift: 0, Narrow klass range: 0x0

GC Precious Log:
<Empty>

Heap:
 garbage-first heap   total 0K, used 0K [0x000000008a000000, 0x0000000100000000)
  region size 1024K, 0 young (0K), 0 survivors (0K)

[error occurred during error reporting (printing heap information), id 0xc0000005, EXCEPTION_ACCESS_VIOLATION (0xc0000005) at pc=0x00007ffa3bd31249]

GC Heap History (0 events):
No events

Deoptimization events (0 events):
No events

Classes unloaded (0 events):
No events

Classes redefined (0 events):
No events

Internal exceptions (0 events):
No events

VM Operations (0 events):
No events

Events (1 events):
Event: 0.007 Loaded shared library C:\Program Files\Java\jdk-17\bin\java.dll


Dynamic libraries:
0x00007ff68be70000 - 0x00007ff68be80000 	C:\Program Files\Java\jdk-17\bin\java.exe
0x00007ffaeef90000 - 0x00007ffaef1a6000 	C:\WINDOWS\SYSTEM32\ntdll.dll
0x00007ffaee800000 - 0x00007ffaee8c4000 	C:\WINDOWS\System32\KERNEL32.DLL
0x00007ffaec930000 - 0x00007ffaeccd6000 	C:\WINDOWS\System32\KERNELBASE.dll
0x00007ffaec2d0000 - 0x00007ffaec3e1000 	C:\WINDOWS\System32\ucrtbase.dll
0x00007ffae9ec0000 - 0x00007ffae9edb000 	C:\Program Files\Java\jdk-17\bin\VCRUNTIME140.dll
0x00007ffad8ad0000 - 0x00007ffad8ae9000 	C:\Program Files\Java\jdk-17\bin\jli.dll
0x00007ffaeedc0000 - 0x00007ffaeee72000 	C:\WINDOWS\System32\ADVAPI32.dll
0x00007ffaed9b0000 - 0x00007ffaeda57000 	C:\WINDOWS\System32\msvcrt.dll
0x00007ffaee400000 - 0x00007ffaee4a8000 	C:\WINDOWS\System32\sechost.dll
0x00007ffaec7b0000 - 0x00007ffaec7d8000 	C:\WINDOWS\System32\bcrypt.dll
0x00007ffaed6c0000 - 0x00007ffaed7d5000 	C:\WINDOWS\System32\RPCRT4.dll
0x00007ffad6ad0000 - 0x00007ffad6d63000 	C:\WINDOWS\WinSxS\amd64_microsoft.windows.common-controls_6595b64144ccf1df_6.0.22621.3235_none_270f74e173860f98\COMCTL32.dll
0x00007ffaee650000 - 0x00007ffaee7fd000 	C:\WINDOWS\System32\USER32.dll
0x00007ffaeee80000 - 0x00007ffaeeea9000 	C:\WINDOWS\System32\GDI32.dll
0x00007ffaec7e0000 - 0x00007ffaec806000 	C:\WINDOWS\System32\win32u.dll
0x00007ffaec810000 - 0x00007ffaec928000 	C:\WINDOWS\System32\gdi32full.dll
0x00007ffaec3f0000 - 0x00007ffaec48a000 	C:\WINDOWS\System32\msvcp_win.dll
0x00007ffae3990000 - 0x00007ffae399a000 	C:\WINDOWS\SYSTEM32\VERSION.dll
0x00007ffaee3c0000 - 0x00007ffaee3f1000 	C:\WINDOWS\System32\IMM32.DLL
0x00007ffae9eb0000 - 0x00007ffae9ebc000 	C:\Program Files\Java\jdk-17\bin\vcruntime140_1.dll
0x00007ffac3c70000 - 0x00007ffac3cfe000 	C:\Program Files\Java\jdk-17\bin\msvcp140.dll
0x00007ffa3b660000 - 0x00007ffa3c23f000 	C:\Program Files\Java\jdk-17\bin\server\jvm.dll
0x00007ffaeedb0000 - 0x00007ffaeedb8000 	C:\WINDOWS\System32\PSAPI.DLL
0x00007ffae37e0000 - 0x00007ffae3814000 	C:\WINDOWS\SYSTEM32\WINMM.dll
0x00007ffae41a0000 - 0x00007ffae41a9000 	C:\WINDOWS\SYSTEM32\WSOCK32.dll
0x00007ffaeeeb0000 - 0x00007ffaeef21000 	C:\WINDOWS\System32\WS2_32.dll
0x00007ffaeb310000 - 0x00007ffaeb328000 	C:\WINDOWS\SYSTEM32\kernel.appcore.dll
0x00007ffae8680000 - 0x00007ffae868a000 	C:\Program Files\Java\jdk-17\bin\jimage.dll
0x00007ffae90e0000 - 0x00007ffae9313000 	C:\WINDOWS\SYSTEM32\DBGHELP.DLL
0x00007ffaeda60000 - 0x00007ffaedde8000 	C:\WINDOWS\System32\combase.dll
0x00007ffaeecd0000 - 0x00007ffaeeda7000 	C:\WINDOWS\System32\OLEAUT32.dll
0x00007ffad3a20000 - 0x00007ffad3a52000 	C:\WINDOWS\SYSTEM32\dbgcore.DLL
0x00007ffaec6c0000 - 0x00007ffaec73a000 	C:\WINDOWS\System32\bcryptPrimitives.dll
0x00007ffac41f0000 - 0x00007ffac4215000 	C:\Program Files\Java\jdk-17\bin\java.dll

dbghelp: loaded successfully - version: 4.0.5 - missing functions: none
symbol engine: initialized successfully - sym options: 0x614 - pdb path: .;C:\Program Files\Java\jdk-17\bin;C:\WINDOWS\SYSTEM32;C:\WINDOWS\WinSxS\amd64_microsoft.windows.common-controls_6595b64144ccf1df_6.0.22621.3235_none_270f74e173860f98;C:\Program Files\Java\jdk-17\bin\server

VM Arguments:
jvm_args: -XX:+ShowCodeDetailsInExceptionMessages 
java_command: App
java_class_path (initial): C:\Users\marcus\AppData\Roaming\Code\User\workspaceStorage\e58e0b340a54e0889c89264c3bb346e1\redhat.java\jdt_ws\CCINFOM_e9aaabde\bin;c:\Users\marcus\Downloads\mysql-connector-j-8.3.0\mysql-connector-j-8.3.0\mysql-connector-j-8.3.0.jar
Launcher Type: SUN_STANDARD

[Global flags]
     intx CICompilerCount                          = 3                                         {product} {ergonomic}
     uint ConcGCThreads                            = 2                                         {product} {ergonomic}
     uint G1ConcRefinementThreads                  = 6                                         {product} {ergonomic}
   size_t G1HeapRegionSize                         = 1048576                                   {product} {ergonomic}
    uintx GCDrainStackTargetSize                   = 64                                        {product} {ergonomic}
   size_t InitialHeapSize                          = 123731968                                 {product} {ergonomic}
   size_t MarkStackSize                            = 4194304                                   {product} {ergonomic}
   size_t MaxHeapSize                              = 1979711488                                {product} {ergonomic}
   size_t MinHeapDeltaBytes                        = 1048576                                   {product} {ergonomic}
   size_t MinHeapSize                              = 8388608                                   {product} {ergonomic}
    uintx NonNMethodCodeHeapSize                   = 5832780                                {pd product} {ergonomic}
    uintx NonProfiledCodeHeapSize                  = 122912730                              {pd product} {ergonomic}
    uintx ProfiledCodeHeapSize                     = 122912730                              {pd product} {ergonomic}
    uintx ReservedCodeCacheSize                    = 251658240                              {pd product} {ergonomic}
     bool SegmentedCodeCache                       = true                                      {product} {ergonomic}
     bool ShowCodeDetailsInExceptionMessages       = true                                   {manageable} {command line}
   size_t SoftMaxHeapSize                          = 1979711488                             {manageable} {ergonomic}
     bool UseCompressedClassPointers               = true                           {product lp64_product} {ergonomic}
     bool UseCompressedOops                        = true                           {product lp64_product} {ergonomic}
     bool UseG1GC                                  = true                                      {product} {ergonomic}
     bool UseLargePagesIndividualAllocation        = false                                  {pd product} {ergonomic}

Logging:
Log output configuration:
 #0: stdout all=warning uptime,level,tags
 #1: stderr all=off uptime,level,tags

Environment Variables:
PATH=C:\Program Files\Common Files\Oracle\Java\javapath;C:\Program Files (x86)\Razer Chroma SDK\bin;C:\Program Files\Razer Chroma SDK\bin;C:\Program Files (x86)\Razer\ChromaBroadcast\bin;C:\Program Files\Razer\ChromaBroadcast\bin;C:\Program Files\Python38\Scripts\;C:\Program Files\Python38\;C:\Windows\system32;C:\Windows;C:\Windows\System32\Wbem;C:\Windows\System32\WindowsPowerShell\v1.0\;C:\Windows\System32\OpenSSH\;C:\Program Files (x86)\Windows Live\Shared;C:\Windows\system32\config\systemprofile\AppData\Local\Microsoft\WindowsApps;C:\MinGW\bin;C:\Program Files\Git\cmd;C:\Program Files\PuTTY\;C:\WINDOWS\system32;C:\WINDOWS;C:\WINDOWS\System32\Wbem;C:\WINDOWS\System32\WindowsPowerShell\v1.0\;C:\WINDOWS\System32\OpenSSH\;C:\Users\marcus\AppData\Local\Microsoft\WindowsApps;C:\Users\marcus\AppData\Local\Pandoc\;C:\Users\marcus\AppData\Local\JetBrains\Toolbox\scripts;C:\Users\marcus\AppData\Local\Programs\Microsoft VS Code\bin;C:\Users\marcus\AppData\Local\Microsoft\WindowsApps;
USERNAME=marcus
LANG=en_US.UTF-8
OS=Windows_NT
PROCESSOR_IDENTIFIER=AMD64 Family 23 Model 96 Stepping 1, AuthenticAMD



---------------  S Y S T E M  ---------------

OS:
 Windows 11 , 64 bit Build 22621 (10.0.22621.3235)
OS uptime: 1 days 23:19 hours

CPU: total 6 (initial active 6) (6 cores per cpu, 1 threads per core) family 23 model 96 stepping 1 microcode 0x0, cx8, cmov, fxsr, mmx, 3dnowpref, sse, sse2, sse3, ssse3, sse4a, sse4.1, sse4.2, popcnt, lzcnt, tsc, tscinvbit, avx, avx2, aes, clmul, bmi1, bmi2, adx, sha, fma, vzeroupper, clflush, clflushopt

Memory: 4k page, system-wide physical 7549M (393M free)
TotalPageFile size 31101M (AvailPageFile size 42M)
current process WorkingSet (physical memory assigned to process): 11M, peak: 11M
current process commit charge ("private bytes"): 56M, peak: 174M

vm_info: Java HotSpot(TM) 64-Bit Server VM (17.0.10+11-LTS-240) for windows-amd64 JRE (17.0.10+11-LTS-240), built on Dec 19 2023 21:47:25 by "mach5one" with MS VC++ 17.1 (VS2022)

END.
